[25-12-12]-[09:42:18] - === HandyLNKMaker started ===
[25-12-12]-[09:42:18] - lnkname = HandyLNKMaker
[25-12-12]-[09:42:18] - Dir64 = C:\Program Files\HandyLNKMaker
[25-12-12]-[09:42:18] - Obj64 = C:\Program Files\HandyLNKMaker\HandyLNKMaker.exe
[25-12-12]-[09:42:18] - Dir32 = C:\Program Files (x86)\HandyLNKMaker
[25-12-12]-[09:42:18] - Obj32 = C:\Program Files (x86)\HandyLNKMaker\HandyLNKMaker.exe
[25-12-12]-[10:38:59] - === HandyLNKMaker started ===
[25-12-12]-[10:38:59] - lnkname = HandyLNKMaker
[25-12-12]-[10:38:59] - Dir64 = C:\Program Files\HandyLNKMaker
[25-12-12]-[10:38:59] - Obj64 = C:\Program Files\HandyLNKMaker\HandyLNKMaker.exe
[25-12-12]-[10:38:59] - Dir32 = C:\Program Files (x86)\HandyLNKMaker
[25-12-12]-[10:38:59] - Obj32 = C:\Program Files (x86)\HandyLNKMaker\HandyLNKMaker.exe
[25-12-12]-[10:39:25] - === HandyLNKMaker finished ===
[25-12-12]-[11:11:38] - === HandyLNKMaker started ===
[25-12-12]-[11:11:39] - lnkname = HandyLNKMaker
[25-12-12]-[11:11:39] - Dir64 = C:\Program Files\HandyLNKMaker
[25-12-12]-[11:11:39] - Obj64 = C:\Program Files\HandyLNKMaker\HandyLNKMaker.exe
[25-12-12]-[11:11:39] - Dir32 = C:\Program Files (x86)\HandyLNKMaker
[25-12-12]-[11:11:39] - Obj32 = C:\Program Files (x86)\HandyLNKMaker\HandyLNKMaker.exe
[25-12-12]-[11:11:51] - === HandyLNKMaker finished ===
[25-12-12]-[11:12:03] - === HandyLNKMaker started ===
[25-12-12]-[11:12:03] - lnkname = HandyLNKMaker
[25-12-12]-[11:12:03] - Dir64 = C:\Program Files\HandyLNKMaker
[25-12-12]-[11:12:03] - Obj64 = C:\Program Files\HandyLNKMaker\HandyLNKMaker.exe
[25-12-12]-[11:12:03] - Dir32 = C:\Program Files (x86)\HandyLNKMaker
[25-12-12]-[11:12:03] - Obj32 = C:\Program Files (x86)\HandyLNKMaker\HandyLNKMaker.exe
[25-12-12]-[11:12:07] - Created directory: C:\Program Files\HandyLNKMaker
[25-12-12]-[11:12:07] - Created directory: C:\Program Files (x86)\HandyLNKMaker
[25-12-12]-[11:12:21] - Created desktop link x64: C:\Users\zonem\Desktop\HandyLNKMaker.lnk
[25-12-12]-[11:12:25] - Created startup link x86: C:\Users\zonem\AppData\Roaming\Microsoft\Windows\Start Menu\Programs\Startup\HandyLNKMaker_x86.lnk
[25-12-12]-[11:12:29] - === HandyLNKMaker finished ===
[25-12-12]-[11:19:57] - === HandyLNKMaker started ===
[25-12-12]-[11:19:57] - lnkname = HandyLNKMaker
[25-12-12]-[11:19:57] - Dir64 = C:\Program Files\HandyLNKMaker
[25-12-12]-[11:19:57] - Obj64 = C:\Program Files\HandyLNKMaker\HandyLNKMaker.exe
[25-12-12]-[11:19:57] - Dir32 = C:\Program Files (x86)\HandyLNKMaker
[25-12-12]-[11:19:57] - Obj32 = C:\Program Files (x86)\HandyLNKMaker\HandyLNKMaker.exe
[25-12-12]-[11:20:02] - === HandyLNKMaker finished ===
[25-12-12]-[11:20:05] - Program exiting
[25-12-12]-[11:20:52] - === HandyLNKMaker started ===
[25-12-12]-[11:20:52] - lnkname = HandyLNKMaker
[25-12-12]-[11:20:52] - Dir64 = C:\Program Files\HandyLNKMaker
[25-12-12]-[11:20:52] - Obj64 = C:\Program Files\HandyLNKMaker\HandyLNKMaker.exe
[25-12-12]-[11:20:52] - Dir32 = C:\Program Files (x86)\HandyLNKMaker
[25-12-12]-[11:20:52] - Obj32 = C:\Program Files (x86)\HandyLNKMaker\HandyLNKMaker.exe
[25-12-12]-[11:20:54] - === HandyLNKMaker finished ===
[25-12-12]-[11:20:56] - Program exiting
