2026-03-26 07:18:42 [INFO] --- start MyCPUCooler v1.0.0.5 ---
2026-03-26 07:18:43 [INFO] exe=D:\Develop\OpenCode\MyCPUCooler\src\PureBasic.exe
2026-03-26 07:18:43 [INFO] cwd=D:\Develop\OpenCode\MyCPUCooler\src\
2026-03-26 07:18:43 [WARN] Already running; exiting
2026-03-26 07:52:57 [INFO] --- start MyCPUCooler v1.0.0.5 ---
2026-03-26 07:52:57 [INFO] exe=D:\Develop\OpenCode\MyCPUCooler\src\PureBasic.exe
2026-03-26 07:52:57 [INFO] cwd=D:\Develop\OpenCode\MyCPUCooler\src\
2026-03-26 07:52:57 [WARN] Not elevated; requesting UAC via ShellExecute runas
2026-03-26 07:52:58 [INFO] --- start MyCPUCooler v1.0.0.5 ---
2026-03-26 07:52:58 [INFO] exe=D:\Develop\OpenCode\MyCPUCooler\src\PureBasic.exe
2026-03-26 07:52:58 [INFO] cwd=D:\Develop\OpenCode\MyCPUCooler\src\
2026-03-26 07:52:58 [INFO] Running elevated
2026-03-26 07:52:58 [INFO] iniPath=D:\Develop\OpenCode\MyCPUCooler\src\MyCPUCooler.ini
2026-03-26 07:52:58 [INFO] Collecting system info via PowerShell (threaded)
2026-03-26 07:52:58 [INFO] Ensuring custom power scheme for 'MyCPUCooler'
2026-03-26 07:52:58 [INFO] Using scheme=69f49b0f-bf26-40be-bcb3-117bc61f5dc8
2026-03-26 07:52:58 [INFO] Supports boost setting=0
2026-03-26 07:52:58 [INFO] Supports cooling policy setting=0
2026-03-26 07:52:58 [WARN] exit=1 cmd=powercfg -q 69f49b0f-bf26-40be-bcb3-117bc61f5dc8 ee12f483-ad20-4395-8360-3116c4296227 ee12f483-ad20-4395-8360-3116c4296228
2026-03-26 07:52:58 [ERROR] powercfg failed: args='-q 69f49b0f-bf26-40be-bcb3-117bc61f5dc8 ee12f483-ad20-4395-8360-3116c4296227 ee12f483-ad20-4395-8360-3116c4296228' exit=1
2026-03-26 07:52:58 [ERROR] output: The power scheme, subgroup or setting specified does not exist.

2026-03-26 07:52:58 [INFO] Supports ASPM setting=0
2026-03-26 07:52:59 [INFO] UI started
2026-03-26 07:53:00 [INFO] AutoApply enabled; applying on startup
2026-03-26 07:53:00 [INFO] ApplySettings scheme=69f49b0f-bf26-40be-bcb3-117bc61f5dc8 acMax=99 dcMax=60 acMin=5 dcMin=5 acBoost=0 dcBoost=0 useBoost=0 acCooling=-1 dcCooling=-1 acASPM=-1 dcASPM=-1
2026-03-26 07:53:01 [INFO] System info collection complete
